<?xml version="1.0" encoding="UTF-8"?>
<!-- Generated by org.testng.reporters.JUnitXMLReporter -->
<testsuite ignored="0" hostname="LAPTOP-LRRTHGPL" failures="0" tests="7" name="OpencartTest" time="14.768" errors="0" timestamp="2022-12-15T08:56:45 IST">
  <testcase classname="testCases.TC001_AccountRegistrationTest" name="test_account_registration" time="0.942"/>
  <testcase classname="testCases.TC002_LoginTest" name="test_login" time="1.228"/>
  <testcase classname="testCases.TC003_LoginDDTest" name="test_loginDDT" time="0.624"/>
  <testcase classname="testCases.TC003_LoginDDTest" name="test_loginDDT" time="0.748"/>
  <testcase classname="testCases.TC003_LoginDDTest" name="test_loginDDT" time="0.742"/>
  <testcase classname="testCases.TC003_LoginDDTest" name="test_loginDDT" time="0.703"/>
  <testcase classname="testCases.TC003_LoginDDTest" name="test_loginDDT" time="0.71"/>
</testsuite> <!-- OpencartTest -->
