<?xml version="1.0" encoding="UTF-8"?>
<!-- Generated by org.testng.reporters.JUnitXMLReporter -->
<testsuite ignored="0" hostname="LAPTOP-LRRTHGPL" failures="0" tests="5" name="OpencartTest" time="10.157" errors="0" timestamp="2022-12-14T17:10:52 IST">
  <testcase classname="testCases.TC003_LoginDDTest" name="test_loginDDT" time="0.633"/>
  <testcase classname="testCases.TC003_LoginDDTest" name="test_loginDDT" time="0.741"/>
  <testcase classname="testCases.TC003_LoginDDTest" name="test_loginDDT" time="0.71"/>
  <testcase classname="testCases.TC003_LoginDDTest" name="test_loginDDT" time="0.688"/>
  <testcase classname="testCases.TC003_LoginDDTest" name="test_loginDDT" time="0.738"/>
</testsuite> <!-- OpencartTest -->
